Batch starting at offset 0...
{
  "total": 390,
  "offset": 0,
  "limit": 20,
  "processed_in_batch": 20,
  "updated": 20,
  "failed": 0,
  "skipped_no_match": 0,
  "next_offset": 20,
  "has_more": true,
  "errors": []
}
Batch starting at offset 20...
{
  "total": 390,
  "offset": 20,
  "limit": 20,
  "processed_in_batch": 20,
  "updated": 19,
  "failed": 1,
  "skipped_no_match": 0,
  "next_offset": 40,
  "has_more": true,
  "errors": [
    {
      "track_key": "vertax:beatport:track:1774b977ed02dac06f478e76d9597c0ecd20392d",
      "error": "Beatport full track failed: HTTP 403"
    }
  ]
}
Batch starting at offset 40...
{
  "total": 390,
  "offset": 40,
  "limit": 20,
  "processed_in_batch": 20,
  "updated": 19,
  "failed": 1,
  "skipped_no_match": 0,
  "next_offset": 60,
  "has_more": true,
  "errors": [
    {
      "track_key": "vertax:beatport:track:22f05d890954fdba142646db1ff0ddc1fe201b23",
      "error": "Beatport full track failed: HTTP 403"
    }
  ]
}
Batch starting at offset 60...
{
  "total": 390,
  "offset": 60,
  "limit": 20,
  "processed_in_batch": 20,
  "updated": 18,
  "failed": 2,
  "skipped_no_match": 0,
  "next_offset": 80,
  "has_more": true,
  "errors": [
    {
      "track_key": "vertax:beatport:track:2cfdcd9e666f6e90197f036289f2acdcffc114a9",
      "error": "Beatport full track failed: HTTP 403"
    },
    {
      "track_key": "vertax:beatport:track:2d8f89711c96f326d0866c0aecfb1f7b925a1612",
      "error": "Beatport full track failed: HTTP 403"
    }
  ]
}
Batch starting at offset 80...
